  6.2.cpp
C:\Учёба\ООП\6.2\6.2\Array.h(23,7): warning C4290: спецификация исключений C++ игнорируется, кроме случая, когда указывается, что функция не является __declspec(nothrow)
C:\Учёба\ООП\6.2\6.2\Array.h(25,7): warning C4290: спецификация исключений C++ игнорируется, кроме случая, когда указывается, что функция не является __declspec(nothrow)
C:\Учёба\ООП\6.2\6.2\Array.h(26,7): warning C4290: спецификация исключений C++ игнорируется, кроме случая, когда указывается, что функция не является __declspec(nothrow)
C:\Учёба\ООП\6.2\6.2\Array.h(28,7): warning C4290: спецификация исключений C++ игнорируется, кроме случая, когда указывается, что функция не является __declspec(nothrow)
C:\Учёба\ООП\6.2\6.2\Array.h(45,18): warning C4290: спецификация исключений C++ игнорируется, кроме случая, когда указывается, что функция не является __declspec(nothrow)
C:\Учёба\ООП\6.2\6.2\Array.h(47,52): warning C4290: спецификация исключений C++ игнорируется, кроме случая, когда указывается, что функция не является __declspec(nothrow)
C:\Учёба\ООП\6.2\6.2\Array.h(48,64): warning C4290: спецификация исключений C++ игнорируется, кроме случая, когда указывается, что функция не является __declspec(nothrow)
C:\Учёба\ООП\6.2\6.2\Array.h(55,42): warning C4290: спецификация исключений C++ игнорируется, кроме случая, когда указывается, что функция не является __declspec(nothrow)
C:\Учёба\ООП\6.2\6.2\Array.h(63,39): warning C4290: спецификация исключений C++ игнорируется, кроме случая, когда указывается, что функция не является __declspec(nothrow)
  Array.cpp
C:\Учёба\ООП\6.2\6.2\Array.h(23,7): warning C4290: спецификация исключений C++ игнорируется, кроме случая, когда указывается, что функция не является __declspec(nothrow)
C:\Учёба\ООП\6.2\6.2\Array.h(25,7): warning C4290: спецификация исключений C++ игнорируется, кроме случая, когда указывается, что функция не является __declspec(nothrow)
C:\Учёба\ООП\6.2\6.2\Array.h(26,7): warning C4290: спецификация исключений C++ игнорируется, кроме случая, когда указывается, что функция не является __declspec(nothrow)
C:\Учёба\ООП\6.2\6.2\Array.h(28,7): warning C4290: спецификация исключений C++ игнорируется, кроме случая, когда указывается, что функция не является __declspec(nothrow)
C:\Учёба\ООП\6.2\6.2\Array.h(45,18): warning C4290: спецификация исключений C++ игнорируется, кроме случая, когда указывается, что функция не является __declspec(nothrow)
C:\Учёба\ООП\6.2\6.2\Array.h(47,52): warning C4290: спецификация исключений C++ игнорируется, кроме случая, когда указывается, что функция не является __declspec(nothrow)
C:\Учёба\ООП\6.2\6.2\Array.h(48,64): warning C4290: спецификация исключений C++ игнорируется, кроме случая, когда указывается, что функция не является __declspec(nothrow)
C:\Учёба\ООП\6.2\6.2\Array.h(55,42): warning C4290: спецификация исключений C++ игнорируется, кроме случая, когда указывается, что функция не является __declspec(nothrow)
C:\Учёба\ООП\6.2\6.2\Array.h(63,39): warning C4290: спецификация исключений C++ игнорируется, кроме случая, когда указывается, что функция не является __declspec(nothrow)
C:\Учёба\ООП\6.2\6.2\Array.cpp(7,34): warning C4290: спецификация исключений C++ игнорируется, кроме случая, когда указывается, что функция не является __declspec(nothrow)
C:\Учёба\ООП\6.2\6.2\Array.cpp(17,34): warning C4290: спецификация исключений C++ игнорируется, кроме случая, когда указывается, что функция не является __declspec(nothrow)
C:\Учёба\ООП\6.2\6.2\Array.cpp(30,34): warning C4290: спецификация исключений C++ игнорируется, кроме случая, когда указывается, что функция не является __declspec(nothrow)
C:\Учёба\ООП\6.2\6.2\Array.cpp(42,45): warning C4290: спецификация исключений C++ игнорируется, кроме случая, когда указывается, что функция не является __declspec(nothrow)
C:\Учёба\ООП\6.2\6.2\Array.cpp(65,55): warning C4290: спецификация исключений C++ игнорируется, кроме случая, когда указывается, что функция не является __declspec(nothrow)
C:\Учёба\ООП\6.2\6.2\Array.cpp(68,21): warning C4566: символ, представленный универсальным именем символа "\u00D1", невозможно представить в текущей кодовой странице (1251)
C:\Учёба\ООП\6.2\6.2\Array.cpp(68,21): warning C4566: символ, представленный универсальным именем символа "\u00F2", невозможно представить в текущей кодовой странице (1251)
C:\Учёба\ООП\6.2\6.2\Array.cpp(68,21): warning C4566: символ, представленный универсальным именем символа "\u00E5", невозможно представить в текущей кодовой странице (1251)
C:\Учёба\ООП\6.2\6.2\Array.cpp(68,21): warning C4566: символ, представленный универсальным именем символа "\u00EA", невозможно представить в текущей кодовой странице (1251)
C:\Учёба\ООП\6.2\6.2\Array.cpp(68,21): warning C4566: символ, представленный универсальным именем символа "\u00EF", невозможно представить в текущей кодовой странице (1251)
C:\Учёба\ООП\6.2\6.2\Array.cpp(68,21): warning C4566: символ, представленный универсальным именем символа "\u00F3", невозможно представить в текущей кодовой странице (1251)
C:\Учёба\ООП\6.2\6.2\Array.cpp(68,21): warning C4566: символ, представленный универсальным именем символа "\u00F1", невозможно представить в текущей кодовой странице (1251)
C:\Учёба\ООП\6.2\6.2\Array.cpp(68,21): warning C4566: символ, представленный универсальным именем символа "\u00E8", невозможно представить в текущей кодовой странице (1251)
C:\Учёба\ООП\6.2\6.2\Array.cpp(68,21): warning C4566: символ, представленный универсальным именем символа "\u00E9", невозможно представить в текущей кодовой странице (1251)
C:\Учёба\ООП\6.2\6.2\Array.cpp(79,72): warning C4290: спецификация исключений C++ игнорируется, кроме случая, когда указывается, что функция не является __declspec(nothrow)
C:\Учёба\ООП\6.2\6.2\Array.cpp(88,19): warning C4290: спецификация исключений C++ игнорируется, кроме случая, когда указывается, что функция не является __declspec(nothrow)
C:\Учёба\ООП\6.2\6.2\Array.cpp(95,54): warning C4290: спецификация исключений C++ игнорируется, кроме случая, когда указывается, что функция не является __declspec(nothrow)
C:\Учёба\ООП\6.2\6.2\Array.cpp(142,20): warning C4018: <: несоответствие типов со знаком и без знака
C:\Учёба\ООП\6.2\6.2\Array.cpp(149,20): warning C4018: <: несоответствие типов со знаком и без знака
C:\Учёба\ООП\6.2\6.2\Array.cpp(156,20): warning C4018: <: несоответствие типов со знаком и без знака
C:\Учёба\ООП\6.2\6.2\Array.cpp(175,53): warning C4290: спецификация исключений C++ игнорируется, кроме случая, когда указывается, что функция не является __declspec(nothrow)
C:\Учёба\ООП\6.2\6.2\Array.cpp(178,21): warning C4566: символ, представленный универсальным именем символа "\u00D1", невозможно представить в текущей кодовой странице (1251)
C:\Учёба\ООП\6.2\6.2\Array.cpp(178,21): warning C4566: символ, представленный универсальным именем символа "\u00F2", невозможно представить в текущей кодовой странице (1251)
C:\Учёба\ООП\6.2\6.2\Array.cpp(178,21): warning C4566: символ, представленный универсальным именем символа "\u00E5", невозможно представить в текущей кодовой странице (1251)
C:\Учёба\ООП\6.2\6.2\Array.cpp(178,21): warning C4566: символ, представленный универсальным именем символа "\u00EA", невозможно представить в текущей кодовой странице (1251)
C:\Учёба\ООП\6.2\6.2\Array.cpp(178,21): warning C4566: символ, представленный универсальным именем символа "\u00EF", невозможно представить в текущей кодовой странице (1251)
C:\Учёба\ООП\6.2\6.2\Array.cpp(178,21): warning C4566: символ, представленный универсальным именем символа "\u00F3", невозможно представить в текущей кодовой странице (1251)
C:\Учёба\ООП\6.2\6.2\Array.cpp(178,21): warning C4566: символ, представленный универсальным именем символа "\u00F1", невозможно представить в текущей кодовой странице (1251)
C:\Учёба\ООП\6.2\6.2\Array.cpp(178,21): warning C4566: символ, представленный универсальным именем символа "\u00E8", невозможно представить в текущей кодовой странице (1251)
C:\Учёба\ООП\6.2\6.2\Array.cpp(178,21): warning C4566: символ, представленный универсальным именем символа "\u00E9", невозможно представить в текущей кодовой странице (1251)
  Создание кода...
  6.2.vcxproj -> C:\Учёба\ООП\6.2\Debug\6.2.exe
